<?xml version="1.0" encoding="UTF-8"?>
<testsuite name="cpen221.mp2.GraphTest" tests="29" skipped="0" failures="0" errors="0" timestamp="2019-11-05T23:49:06" hostname="DESKTOP-4TIHMH2" time="0.094">
  <properties/>
  <testcase name="allVertices" classname="cpen221.mp2.GraphTest" time="0.012"/>
  <testcase name="minimumSpanningTree1" classname="cpen221.mp2.GraphTest" time="0.058"/>
  <testcase name="minimumSpanningTree2" classname="cpen221.mp2.GraphTest" time="0.007"/>
  <testcase name="testCreateGraph" classname="cpen221.mp2.GraphTest" time="0.0"/>
  <testcase name="addEdge" classname="cpen221.mp2.GraphTest" time="0.001"/>
  <testcase name="search" classname="cpen221.mp2.GraphTest" time="0.001"/>
  <testcase name="allEdges1" classname="cpen221.mp2.GraphTest" time="0.001"/>
  <testcase name="allEdges2" classname="cpen221.mp2.GraphTest" time="0.0"/>
  <testcase name="vertex" classname="cpen221.mp2.GraphTest" time="0.0"/>
  <testcase name="edgeLengthSum1" classname="cpen221.mp2.GraphTest" time="0.0"/>
  <testcase name="edgeLengthSum2" classname="cpen221.mp2.GraphTest" time="0.0"/>
  <testcase name="getEdge" classname="cpen221.mp2.GraphTest" time="0.0"/>
  <testcase name="getNeighbours" classname="cpen221.mp2.GraphTest" time="0.0"/>
  <testcase name="addVertex" classname="cpen221.mp2.GraphTest" time="0.0"/>
  <testcase name="edge1" classname="cpen221.mp2.GraphTest" time="0.0"/>
  <testcase name="edge2" classname="cpen221.mp2.GraphTest" time="0.0"/>
  <testcase name="pathLength" classname="cpen221.mp2.GraphTest" time="0.0"/>
  <testcase name="remove1" classname="cpen221.mp2.GraphTest" time="0.001"/>
  <testcase name="remove2" classname="cpen221.mp2.GraphTest" time="0.0"/>
  <testcase name="diameter1" classname="cpen221.mp2.GraphTest" time="0.003"/>
  <testcase name="diameter2" classname="cpen221.mp2.GraphTest" time="0.002"/>
  <testcase name="diameter3" classname="cpen221.mp2.GraphTest" time="0.001"/>
  <testcase name="diameter4" classname="cpen221.mp2.GraphTest" time="0.001"/>
  <testcase name="diameter5" classname="cpen221.mp2.GraphTest" time="0.0"/>
  <testcase name="shortestPath1" classname="cpen221.mp2.GraphTest" time="0.001"/>
  <testcase name="shortestPath2" classname="cpen221.mp2.GraphTest" time="0.0"/>
  <testcase name="shortestPath3" classname="cpen221.mp2.GraphTest" time="0.0"/>
  <testcase name="shortestPath4" classname="cpen221.mp2.GraphTest" time="0.0"/>
  <testcase name="edgeLength" classname="cpen221.mp2.GraphTest" time="0.0"/>
  <system-out><![CDATA[[V: A]
Forest vertex: V: A
Qset vertex: V: B
E:
V: A
V: B

Forest vertex: V: A
Qset vertex: V: F
E:
V: A
V: F

[V: A, V: F]
Forest vertex: V: A
Qset vertex: V: B
E:
V: A
V: B

Forest vertex: V: F
Qset vertex: V: C
E:
V: C
V: F

[V: A, V: F, V: B]
Forest vertex: V: F
Qset vertex: V: C
E:
V: C
V: F

Forest vertex: V: B
Qset vertex: V: C
E:
V: B
V: C

Forest vertex: V: B
Qset vertex: V: D
E:
V: B
V: D

[V: A, V: F, V: B, V: C]
Forest vertex: V: B
Qset vertex: V: D
E:
V: B
V: D

Forest vertex: V: C
Qset vertex: V: E
E:
V: C
V: E

Forest vertex: V: C
Qset vertex: V: G
E:
V: C
V: G

[V: A, V: F, V: B, V: C, V: D]
Forest vertex: V: C
Qset vertex: V: E
E:
V: C
V: E

Forest vertex: V: C
Qset vertex: V: G
E:
V: C
V: G

Forest vertex: V: D
Qset vertex: V: G
E:
V: D
V: G

[V: A, V: F, V: B, V: C, V: D, V: G]
Forest vertex: V: C
Qset vertex: V: E
E:
V: C
V: E

[V: A]
Forest vertex: V: A
Qset vertex: V: B
E:
V: A
V: B

Forest vertex: V: A
Qset vertex: V: C
E:
V: A
V: C

[V: A, V: B]
Forest vertex: V: A
Qset vertex: V: C
E:
V: A
V: C

Forest vertex: V: B
Qset vertex: V: C
E:
V: B
V: C

[V: A, V: B, V: C]
Forest vertex: V: C
Qset vertex: V: D
E:
V: C
V: D

]]></system-out>
  <system-err><![CDATA[]]></system-err>
</testsuite>
